SF:lib/presentation/bloc/movie_detail/movie_detail_state.dart
DA:6,1
DA:7,1
DA:11,1
DA:12,1
DA:18,2
DA:19,1
DA:20,2
DA:24,0
DA:25,0
DA:31,2
DA:32,1
DA:33,2
LF:12
LH:10
end_of_record
SF:lib/presentation/bloc/movie_detail/movie_detail_event.dart
DA:8,2
DA:9,2
DA:10,4
LF:3
LH:3
end_of_record
SF:lib/presentation/bloc/movie_detail/movie_detail_bloc.dart
DA:14,3
DA:15,2
DA:18,1
DA:20,1
DA:22,2
DA:23,2
DA:25,2
DA:26,3
DA:27,1
DA:28,2
LF:10
LH:10
end_of_record
SF:lib/presentation/bloc/movie_now_playing/movie_now_playing_state.dart
DA:6,1
DA:7,1
DA:11,1
DA:12,1
DA:18,1
DA:19,1
DA:20,2
DA:24,1
DA:25,1
DA:31,1
DA:32,1
DA:33,2
LF:12
LH:12
end_of_record
SF:lib/presentation/bloc/movie_now_playing/movie_now_playing_bloc.dart
DA:15,1
DA:16,2
DA:17,2
DA:20,1
DA:22,2
DA:23,2
DA:25,2
DA:26,3
DA:27,1
DA:28,1
DA:29,2
DA:30,2
LF:12
LH:12
end_of_record
SF:lib/presentation/bloc/movie_now_playing/movie_now_playing_event.dart
DA:6,1
DA:7,1
LF:2
LH:2
end_of_record
SF:lib/presentation/bloc/movie_popular/movie_popular_state.dart
DA:6,1
DA:7,1
DA:11,1
DA:12,1
DA:18,2
DA:19,1
DA:20,2
DA:24,1
DA:25,1
DA:31,2
DA:32,1
DA:33,2
LF:12
LH:12
end_of_record
SF:lib/presentation/bloc/movie_popular/movie_popular_event.dart
DA:6,1
DA:7,1
LF:2
LH:2
end_of_record
SF:lib/presentation/bloc/movie_popular/movie_popular_bloc.dart
DA:14,3
DA:15,2
DA:18,1
DA:20,2
DA:21,2
DA:23,2
DA:24,3
DA:25,1
DA:26,1
DA:27,2
DA:28,2
LF:11
LH:11
end_of_record
SF:lib/presentation/bloc/movie_recommendation/movie_recommendation_state.dart
DA:6,1
DA:7,1
DA:11,1
DA:12,1
DA:18,2
DA:19,1
DA:20,2
DA:24,1
DA:25,1
DA:31,1
DA:32,1
DA:33,2
LF:12
LH:12
end_of_record
SF:lib/presentation/bloc/movie_recommendation/movie_recommendation_bloc.dart
DA:15,1
DA:16,2
DA:17,2
DA:20,1
DA:22,1
DA:23,2
DA:25,2
DA:26,2
DA:27,3
DA:28,1
DA:29,1
DA:30,2
DA:31,2
LF:13
LH:13
end_of_record
SF:lib/presentation/bloc/movie_recommendation/movie_recommendation_event.dart
DA:8,2
DA:9,2
DA:10,4
LF:3
LH:3
end_of_record
SF:lib/presentation/bloc/movie_top_rated/movie_top_rated_state.dart
DA:6,1
DA:7,1
DA:11,1
DA:12,1
DA:18,2
DA:19,1
DA:20,2
DA:24,1
DA:25,1
DA:31,2
DA:32,1
DA:33,2
LF:12
LH:12
end_of_record
SF:lib/presentation/bloc/movie_top_rated/movie_top_rated_bloc.dart
DA:14,3
DA:15,2
DA:18,1
DA:20,2
DA:21,2
DA:23,2
DA:24,3
DA:25,1
DA:26,1
DA:27,2
DA:28,2
LF:11
LH:11
end_of_record
SF:lib/presentation/bloc/movie_top_rated/movie_top_rated_event.dart
DA:6,1
DA:7,1
LF:2
LH:2
end_of_record
SF:lib/presentation/bloc/movie_watchlist/movie_watchlist_event.dart
DA:6,2
DA:8,1
DA:9,1
DA:15,2
DA:17,1
DA:18,2
DA:24,2
DA:26,1
DA:27,2
DA:33,1
DA:35,1
DA:36,2
LF:12
LH:12
end_of_record
SF:lib/presentation/bloc/movie_watchlist/movie_watchlist_state.dart
DA:6,1
DA:7,1
DA:11,1
DA:12,1
DA:18,1
DA:20,1
DA:21,2
DA:25,1
DA:26,1
DA:32,2
DA:34,1
DA:35,2
DA:41,1
DA:43,1
DA:44,2
DA:50,2
DA:52,1
DA:53,2
LF:18
LH:18
end_of_record
SF:lib/presentation/bloc/movie_watchlist/movie_watchlist_bloc.dart
DA:22,1
DA:24,2
DA:25,2
DA:26,2
DA:27,2
DA:28,2
DA:31,1
DA:33,2
DA:34,2
DA:36,2
DA:37,3
DA:38,1
DA:39,1
DA:40,2
DA:41,2
DA:45,1
DA:47,1
DA:48,2
DA:49,2
DA:52,1
DA:54,1
DA:56,2
DA:57,2
DA:58,3
DA:59,1
DA:60,2
DA:64,1
DA:66,1
DA:67,2
DA:68,2
DA:69,3
DA:70,1
DA:71,2
LF:33
LH:33
end_of_record
SF:lib/presentation/pages/home_movie_page.dart
DA:12,0
DA:14,0
DA:15,0
DA:19,0
DA:21,0
DA:22,0
DA:23,0
DA:24,0
DA:25,0
DA:29,0
DA:31,0
DA:32,0
DA:33,0
DA:34,0
DA:42,0
DA:45,0
DA:46,0
DA:49,0
DA:52,0
DA:53,0
DA:56,0
DA:59,0
DA:60,0
DA:63,0
DA:66,0
DA:67,0
DA:70,0
DA:71,0
DA:72,0
DA:80,0
DA:82,0
DA:83,0
DA:84,0
DA:85,0
DA:91,0
DA:93,0
DA:94,0
DA:96,0
DA:97,0
DA:99,0
DA:101,0
DA:102,0
DA:103,0
DA:106,0
DA:110,0
DA:111,0
DA:112,0
DA:117,0
DA:119,0
DA:120,0
DA:122,0
DA:123,0
DA:124,0
DA:126,0
DA:130,0
DA:131,0
DA:136,0
DA:138,0
DA:139,0
DA:141,0
DA:142,0
DA:143,0
DA:145,0
DA:149,0
DA:150,0
DA:162,0
DA:163,0
DA:165,0
DA:166,0
DA:168,0
DA:170,0
DA:172,0
DA:174,0
DA:190,0
DA:192,0
DA:194,0
DA:196,0
DA:198,0
DA:199,0
DA:200,0
DA:202,0
DA:203,0
DA:204,0
DA:207,0
DA:210,0
DA:212,0
DA:213,0
DA:214,0
DA:217,0
DA:223,0
LF:90
LH:0
end_of_record
SF:lib/presentation/pages/movie_detail_page.dart
DA:15,1
DA:17,1
DA:18,1
DA:22,1
DA:24,1
DA:25,2
DA:26,6
DA:27,1
DA:28,1
DA:29,4
DA:30,6
DA:34,1
DA:36,2
DA:37,2
DA:38,2
DA:42,1
DA:43,1
DA:44,1
DA:45,1
DA:47,1
DA:51,1
DA:52,1
DA:53,1
DA:54,1
DA:59,1
DA:60,2
DA:74,1
DA:76,1
DA:77,1
DA:81,1
DA:83,3
DA:84,1
DA:85,1
DA:86,1
DA:87,4
DA:89,1
DA:92,0
DA:94,1
DA:96,1
DA:97,1
DA:98,1
DA:108,1
DA:109,1
DA:110,1
DA:112,1
DA:114,1
DA:116,1
DA:117,1
DA:118,3
DA:119,1
DA:121,1
DA:122,2
DA:123,1
DA:125,1
DA:126,2
DA:133,1
DA:134,4
DA:136,1
DA:137,4
DA:139,1
DA:140,1
DA:141,1
DA:142,4
DA:144,1
DA:150,5
DA:154,1
DA:156,1
DA:158,1
DA:159,3
DA:162,1
DA:164,1
DA:166,1
DA:168,1
DA:169,1
DA:173,1
DA:177,1
DA:178,0
DA:180,1
DA:181,1
DA:183,1
DA:185,1
DA:186,2
DA:187,1
DA:189,1
DA:190,0
DA:191,0
DA:194,0
DA:197,1
DA:202,1
DA:204,2
DA:205,1
DA:211,0
DA:218,2
DA:230,1
DA:232,1
DA:247,1
DA:249,1
DA:252,1
DA:254,0
DA:255,0
DA:264,1
DA:266,2
DA:267,3
DA:270,1
DA:274,3
DA:277,1
DA:278,1
DA:279,1
DA:281,1
DA:282,1
DA:284,0
DA:288,1
DA:289,2
DA:290,6
DA:292,0
DA:294,3
DA:297,1
DA:298,1
DA:299,1
DA:303,0
DA:307,1
DA:308,0
DA:309,2
DA:310,3
DA:312,0
DA:313,0
DA:314,0
DA:315,0
DA:316,0
DA:320,2
DA:321,4
LF:131
LH:114
end_of_record
SF:lib/presentation/pages/popular_movies_page.dart
DA:10,1
DA:12,1
DA:13,1
DA:17,1
DA:19,1
DA:20,2
DA:21,2
DA:22,2
DA:25,1
DA:27,1
DA:28,1
DA:31,1
DA:33,1
DA:34,1
DA:35,1
DA:37,1
DA:41,1
DA:42,1
DA:43,1
DA:44,2
DA:45,1
DA:47,2
DA:49,1
DA:50,1
DA:52,2
LF:25
LH:25
end_of_record
SF:lib/presentation/pages/top_rated_movies_page.dart
DA:9,1
DA:11,1
DA:12,1
DA:16,1
DA:18,1
DA:19,2
DA:20,2
DA:21,2
DA:24,1
DA:26,1
DA:27,1
DA:30,1
DA:32,1
DA:33,1
DA:34,1
DA:36,1
DA:40,1
DA:41,1
DA:42,1
DA:43,2
DA:44,1
DA:46,2
DA:48,1
DA:49,1
DA:51,2
LF:25
LH:25
end_of_record
SF:lib/presentation/pages/watchlist_movies_page.dart
DA:10,0
DA:12,0
DA:13,0
DA:18,0
DA:20,0
DA:21,0
DA:22,0
DA:25,0
DA:27,0
DA:28,0
DA:31,0
DA:33,0
DA:34,0
DA:37,0
DA:39,0
DA:40,0
DA:43,0
DA:45,0
DA:46,0
DA:47,0
DA:49,0
DA:53,0
DA:54,0
DA:55,0
DA:56,0
DA:57,0
DA:59,0
DA:61,0
DA:62,0
DA:64,0
DA:75,0
DA:77,0
DA:78,0
LF:33
LH:0
end_of_record
