SF:lib/presentation/bloc/tv_detail/tv_detail_state.dart
DA:6,1
DA:7,1
DA:11,1
DA:12,1
DA:18,2
DA:19,1
DA:20,2
DA:24,0
DA:25,0
DA:31,2
DA:32,1
DA:33,2
LF:12
LH:10
end_of_record
SF:lib/presentation/bloc/tv_detail/tv_detail_bloc.dart
DA:13,3
DA:14,2
DA:17,1
DA:19,1
DA:21,2
DA:22,2
DA:24,2
DA:25,3
DA:26,1
DA:27,2
LF:10
LH:10
end_of_record
SF:lib/presentation/bloc/tv_detail/tv_detail_event.dart
DA:8,2
DA:9,2
DA:10,4
LF:3
LH:3
end_of_record
SF:lib/presentation/bloc/tv_now_playing/tv_now_playing_state.dart
DA:6,1
DA:7,1
DA:11,1
DA:12,1
DA:18,1
DA:19,1
DA:20,2
DA:24,1
DA:25,1
DA:31,1
DA:32,1
DA:33,2
LF:12
LH:12
end_of_record
SF:lib/presentation/bloc/tv_now_playing/tv_now_playing_bloc.dart
DA:13,3
DA:14,2
DA:17,1
DA:19,2
DA:20,2
DA:22,2
DA:23,3
DA:24,1
DA:25,1
DA:26,2
DA:27,2
LF:11
LH:11
end_of_record
SF:lib/presentation/bloc/tv_now_playing/tv_now_playing_event.dart
DA:6,1
DA:7,1
LF:2
LH:2
end_of_record
SF:lib/presentation/bloc/tv_popular/tv_popular_bloc.dart
DA:13,3
DA:14,2
DA:17,1
DA:19,2
DA:20,2
DA:22,2
DA:23,3
DA:24,1
DA:25,1
DA:26,2
DA:27,2
LF:11
LH:11
end_of_record
SF:lib/presentation/bloc/tv_popular/tv_popular_state.dart
DA:6,1
DA:7,1
DA:11,1
DA:12,1
DA:18,2
DA:19,1
DA:20,2
DA:24,1
DA:25,1
DA:31,2
DA:32,1
DA:33,2
LF:12
LH:12
end_of_record
SF:lib/presentation/bloc/tv_popular/tv_popular_event.dart
DA:6,1
DA:7,1
LF:2
LH:2
end_of_record
SF:lib/presentation/bloc/tv_recommendation/tv_recommendation_state.dart
DA:6,1
DA:7,1
DA:11,1
DA:12,1
DA:18,2
DA:19,1
DA:20,2
DA:24,1
DA:25,1
DA:31,1
DA:32,1
DA:33,2
LF:12
LH:12
end_of_record
SF:lib/presentation/bloc/tv_recommendation/tv_recommendation_bloc.dart
DA:14,1
DA:15,2
DA:16,2
DA:19,1
DA:21,1
DA:22,2
DA:24,2
DA:25,2
DA:26,3
DA:27,1
DA:28,1
DA:29,2
DA:30,2
LF:13
LH:13
end_of_record
SF:lib/presentation/bloc/tv_recommendation/tv_recommendation_event.dart
DA:8,2
DA:9,2
DA:10,4
LF:3
LH:3
end_of_record
SF:lib/presentation/bloc/tv_top_rated/tv_top_rated_state.dart
DA:6,1
DA:7,1
DA:11,1
DA:12,1
DA:18,2
DA:19,1
DA:20,2
DA:24,1
DA:25,1
DA:31,2
DA:32,1
DA:33,2
LF:12
LH:12
end_of_record
SF:lib/presentation/bloc/tv_top_rated/tv_top_rated_event.dart
DA:6,1
DA:7,1
LF:2
LH:2
end_of_record
SF:lib/presentation/bloc/tv_top_rated/tv_top_rated_bloc.dart
DA:13,3
DA:14,2
DA:17,1
DA:19,2
DA:20,2
DA:22,2
DA:23,3
DA:24,1
DA:25,1
DA:26,2
DA:27,2
LF:11
LH:11
end_of_record
SF:lib/presentation/bloc/tv_watchlist/tv_watchlist_event.dart
DA:6,1
DA:7,1
DA:13,2
DA:15,1
DA:16,2
DA:22,2
DA:24,1
DA:25,2
DA:31,1
DA:33,1
DA:34,2
LF:11
LH:11
end_of_record
SF:lib/presentation/bloc/tv_watchlist/tv_watchlist_bloc.dart
DA:16,1
DA:18,2
DA:19,2
DA:20,2
DA:21,2
DA:22,2
DA:25,1
DA:27,2
DA:28,2
DA:30,2
DA:31,3
DA:32,1
DA:33,1
DA:34,2
DA:35,2
DA:39,1
DA:41,1
DA:42,2
DA:43,2
DA:46,1
DA:48,1
DA:50,2
DA:51,2
DA:52,3
DA:53,1
DA:54,2
DA:58,1
DA:60,1
DA:61,2
DA:62,2
DA:63,3
DA:64,1
DA:65,2
LF:33
LH:33
end_of_record
SF:lib/presentation/bloc/tv_watchlist/tv_watchlist_state.dart
DA:6,1
DA:7,1
DA:11,1
DA:12,1
DA:18,1
DA:20,1
DA:21,2
DA:25,1
DA:26,1
DA:32,2
DA:34,1
DA:35,2
DA:41,1
DA:43,1
DA:44,2
DA:50,2
DA:52,1
DA:53,2
LF:18
LH:18
end_of_record
SF:lib/presentation/pages/home_tv_page.dart
DA:12,0
DA:13,0
DA:14,0
DA:18,0
DA:20,0
DA:21,0
DA:22,0
DA:23,0
DA:24,0
DA:28,0
DA:30,0
DA:31,0
DA:33,0
DA:34,0
DA:35,0
DA:36,0
DA:42,0
DA:44,0
DA:45,0
DA:47,0
DA:48,0
DA:50,0
DA:51,0
DA:53,0
DA:54,0
DA:55,0
DA:57,0
DA:61,0
DA:62,0
DA:63,0
DA:68,0
DA:70,0
DA:71,0
DA:73,0
DA:74,0
DA:75,0
DA:77,0
DA:81,0
DA:82,0
DA:87,0
DA:89,0
DA:90,0
DA:92,0
DA:93,0
DA:94,0
DA:96,0
DA:100,0
DA:101,0
DA:113,0
DA:114,0
DA:116,0
DA:117,0
DA:119,0
DA:121,0
DA:123,0
DA:125,0
DA:141,0
DA:143,0
DA:145,0
DA:147,0
DA:149,0
DA:150,0
DA:151,0
DA:153,0
DA:154,0
DA:155,0
DA:158,0
DA:161,0
DA:163,0
DA:164,0
DA:165,0
DA:168,0
DA:174,0
LF:73
LH:0
end_of_record
SF:lib/presentation/pages/now_playing_tv_page.dart
DA:10,0
DA:12,0
DA:13,0
DA:17,0
DA:19,0
DA:20,0
DA:21,0
DA:22,0
DA:25,0
DA:27,0
DA:28,0
DA:31,0
DA:33,0
DA:34,0
DA:35,0
DA:37,0
DA:41,0
DA:42,0
DA:43,0
DA:44,0
DA:45,0
DA:47,0
DA:49,0
DA:50,0
DA:52,0
LF:25
LH:0
end_of_record
SF:lib/presentation/pages/popular_tv_page.dart
DA:10,1
DA:12,1
DA:13,1
DA:17,1
DA:19,1
DA:20,2
DA:21,2
DA:22,2
DA:25,1
DA:27,1
DA:28,1
DA:31,1
DA:33,1
DA:34,1
DA:35,1
DA:37,1
DA:41,1
DA:42,1
DA:43,1
DA:44,2
DA:45,1
DA:47,2
DA:49,1
DA:50,1
DA:52,2
LF:25
LH:25
end_of_record
SF:lib/presentation/pages/top_rated_tv_page.dart
DA:10,1
DA:12,1
DA:13,1
DA:17,1
DA:19,1
DA:20,2
DA:21,2
DA:22,2
DA:25,1
DA:27,1
DA:28,1
DA:31,1
DA:33,1
DA:34,1
DA:35,1
DA:37,1
DA:41,1
DA:42,1
DA:43,1
DA:44,2
DA:45,1
DA:47,2
DA:49,1
DA:50,1
DA:52,2
LF:25
LH:25
end_of_record
SF:lib/presentation/pages/tv_detail_page.dart
DA:13,1
DA:15,1
DA:16,1
DA:20,1
DA:22,1
DA:23,2
DA:24,6
DA:25,6
DA:26,6
DA:30,1
DA:32,2
DA:33,2
DA:34,2
DA:38,1
DA:39,1
DA:40,1
DA:41,1
DA:43,1
DA:47,1
DA:48,1
DA:49,1
DA:50,1
DA:55,1
DA:56,2
DA:70,1
DA:72,1
DA:73,1
DA:77,1
DA:79,3
DA:80,1
DA:81,1
DA:82,1
DA:83,4
DA:85,1
DA:88,0
DA:90,1
DA:92,1
DA:93,1
DA:94,1
DA:104,1
DA:105,1
DA:106,1
DA:108,1
DA:110,1
DA:112,1
DA:113,1
DA:114,3
DA:115,1
DA:117,1
DA:118,2
DA:119,1
DA:121,1
DA:122,2
DA:129,1
DA:130,4
DA:132,1
DA:133,1
DA:134,1
DA:135,4
DA:137,1
DA:143,5
DA:147,1
DA:149,1
DA:151,1
DA:152,3
DA:155,1
DA:157,1
DA:159,1
DA:160,4
DA:163,1
DA:165,1
DA:167,1
DA:169,4
DA:170,1
DA:172,1
DA:174,4
DA:175,1
DA:177,1
DA:182,1
DA:184,2
DA:185,1
DA:190,0
DA:198,4
DA:205,1
DA:207,1
DA:209,1
DA:211,1
DA:212,1
DA:215,1
DA:219,1
DA:220,0
DA:221,1
DA:222,1
DA:224,1
DA:226,1
DA:227,2
DA:228,1
DA:230,1
DA:231,0
DA:232,0
DA:235,0
DA:238,1
DA:243,1
DA:245,2
DA:246,1
DA:252,0
DA:259,2
DA:271,1
DA:273,1
DA:288,1
DA:290,1
DA:293,1
DA:295,0
DA:296,0
DA:305,1
DA:307,2
DA:308,3
DA:311,1
DA:315,3
DA:318,1
DA:319,2
DA:320,6
DA:322,0
DA:324,3
DA:327,1
DA:328,1
DA:329,1
DA:333,0
DA:337,1
DA:338,0
DA:339,2
DA:340,3
DA:342,0
DA:343,0
DA:344,0
DA:345,0
DA:346,0
DA:350,2
DA:351,4
LF:139
LH:122
end_of_record
SF:lib/presentation/pages/watchlist_tv_page.dart
DA:10,0
DA:12,0
DA:13,0
DA:17,0
DA:19,0
DA:20,0
DA:21,0
DA:24,0
DA:26,0
DA:27,0
DA:30,0
DA:32,0
DA:33,0
DA:36,0
DA:38,0
DA:39,0
DA:42,0
DA:44,0
DA:45,0
DA:46,0
DA:48,0
DA:52,0
DA:53,0
DA:54,0
DA:55,0
DA:56,0
DA:58,0
DA:60,0
DA:61,0
DA:63,0
DA:74,0
DA:76,0
DA:77,0
LF:33
LH:0
end_of_record
