SF:lib/data/datasources/tv_remote_data_source.dart
DA:25,1
DA:27,1
DA:30,4
DA:32,2
DA:33,4
DA:35,1
DA:39,1
DA:41,4
DA:43,2
DA:44,3
DA:46,1
DA:50,1
DA:52,1
DA:53,3
DA:55,2
DA:56,4
DA:58,1
DA:62,1
DA:65,4
DA:67,2
DA:68,4
DA:70,1
DA:74,1
DA:77,4
DA:79,2
DA:80,4
DA:82,1
DA:86,1
DA:88,1
DA:89,3
DA:91,2
DA:92,4
DA:94,1
LF:33
LH:33
end_of_record
SF:lib/data/models/tv_detail_model.dart
DA:8,2
DA:59,2
DA:60,1
DA:61,4
DA:62,1
DA:63,4
DA:64,1
DA:65,1
DA:66,2
DA:67,1
DA:68,1
DA:69,1
DA:70,2
DA:71,1
DA:72,1
DA:73,1
DA:74,1
DA:75,1
DA:76,1
DA:77,1
DA:78,2
DA:79,1
DA:80,1
DA:81,1
DA:82,1
DA:83,2
DA:84,1
DA:87,0
DA:88,0
DA:89,0
DA:90,0
DA:91,0
DA:93,0
DA:94,0
DA:95,0
DA:96,0
DA:98,0
DA:99,0
DA:100,0
DA:101,0
DA:102,0
DA:103,0
DA:104,0
DA:105,0
DA:106,0
DA:107,0
DA:108,0
DA:109,0
DA:110,0
DA:111,0
DA:112,0
DA:115,1
DA:116,1
DA:117,5
DA:118,5
DA:119,1
DA:120,1
DA:121,1
DA:122,1
DA:123,1
DA:124,1
DA:125,1
DA:126,1
DA:127,1
DA:128,1
DA:129,1
DA:130,1
DA:131,1
DA:132,1
DA:133,1
DA:134,1
DA:135,1
DA:136,1
DA:139,1
DA:140,1
DA:141,1
DA:142,1
DA:143,1
DA:144,1
DA:145,1
DA:146,1
DA:147,1
DA:148,1
DA:149,1
DA:150,1
DA:151,1
DA:152,1
DA:153,1
DA:154,1
DA:155,1
DA:156,1
DA:157,1
DA:158,1
DA:159,1
DA:160,1
DA:161,1
DA:162,1
DA:163,1
LF:98
LH:74
end_of_record
SF:lib/common/exception.dart
DA:6,4
LF:1
LH:1
end_of_record
SF:lib/data/models/tv_response_model.dart
DA:7,2
DA:9,2
DA:10,2
DA:11,4
DA:12,6
DA:13,6
DA:16,2
DA:17,5
DA:20,1
DA:21,2
LF:10
LH:10
end_of_record
SF:lib/common/failure.dart
DA:6,14
DA:8,2
DA:9,4
DA:13,28
DA:17,4
DA:21,8
LF:6
LH:6
end_of_record
SF:lib/data/datasources/db/movie_database_helper.dart
DA:8,0
DA:12,0
DA:13,0
DA:17,0
DA:19,0
DA:26,0
DA:27,0
DA:28,0
DA:30,0
DA:34,0
DA:35,0
DA:42,0
DA:45,0
DA:46,0
DA:47,0
DA:50,0
DA:51,0
DA:52,0
DA:55,0
DA:59,0
DA:60,0
DA:61,0
DA:64,0
DA:67,0
DA:68,0
DA:74,0
DA:75,0
DA:76,0
LF:28
LH:0
end_of_record
SF:lib/data/datasources/db/tv_database_helper.dart
DA:9,0
DA:13,0
DA:14,0
DA:18,0
DA:20,0
DA:27,0
DA:28,0
DA:29,0
DA:31,0
DA:35,0
DA:36,0
DA:43,0
DA:46,0
DA:47,0
DA:48,0
DA:51,0
DA:52,0
DA:53,0
DA:56,0
DA:60,0
DA:61,0
DA:62,0
DA:65,0
DA:68,0
DA:69,0
DA:75,0
DA:76,0
DA:77,0
LF:28
LH:0
end_of_record
SF:lib/data/datasources/movie_local_data_source.dart
DA:15,1
DA:17,1
DA:20,2
DA:23,2
DA:27,1
DA:30,2
DA:33,2
DA:37,1
DA:39,2
DA:41,1
DA:47,1
DA:49,2
DA:50,4
LF:13
LH:13
end_of_record
SF:lib/data/datasources/movie_remote_data_source.dart
DA:24,1
DA:26,1
DA:29,4
DA:31,2
DA:32,4
DA:34,1
DA:38,1
DA:41,4
DA:43,2
DA:44,3
DA:46,1
DA:50,1
DA:52,1
DA:53,3
DA:55,2
DA:56,4
DA:58,1
DA:62,1
DA:65,4
DA:67,2
DA:68,4
DA:70,1
DA:74,1
DA:77,4
DA:79,2
DA:80,4
DA:82,1
DA:86,1
DA:88,1
DA:89,3
DA:91,2
DA:92,4
DA:94,1
LF:33
LH:33
end_of_record
SF:lib/data/datasources/tv_local_data_source.dart
DA:15,1
DA:17,1
DA:20,2
DA:23,2
DA:27,1
DA:30,2
DA:33,2
DA:37,1
DA:39,2
DA:41,1
DA:47,1
DA:49,2
DA:50,4
LF:13
LH:13
end_of_record
SF:lib/data/models/movie_detail_model.dart
DA:6,2
DA:52,1
DA:53,1
DA:54,1
DA:55,1
DA:56,1
DA:57,1
DA:58,4
DA:59,1
DA:60,1
DA:61,1
DA:62,1
DA:63,1
DA:64,1
DA:65,2
DA:66,1
DA:67,1
DA:68,1
DA:69,1
DA:70,1
DA:71,1
DA:72,1
DA:73,1
DA:74,2
DA:75,1
DA:78,0
DA:79,0
DA:80,0
DA:81,0
DA:82,0
DA:83,0
DA:84,0
DA:85,0
DA:86,0
DA:87,0
DA:88,0
DA:89,0
DA:90,0
DA:91,0
DA:92,0
DA:93,0
DA:94,0
DA:95,0
DA:96,0
DA:97,0
DA:98,0
DA:99,0
DA:102,1
DA:103,1
DA:104,1
DA:105,1
DA:106,5
DA:107,1
DA:108,1
DA:109,1
DA:110,1
DA:111,1
DA:112,1
DA:113,1
DA:114,1
DA:115,1
DA:119,1
DA:120,1
DA:121,1
DA:122,1
DA:123,1
DA:124,1
DA:125,1
DA:126,1
DA:127,1
DA:128,1
DA:129,1
DA:130,1
DA:131,1
DA:132,1
DA:133,1
DA:134,1
DA:135,1
DA:136,1
DA:137,1
DA:138,1
DA:139,1
DA:140,1
DA:141,1
LF:84
LH:62
end_of_record
SF:lib/data/models/movie_model.dart
DA:5,4
DA:35,4
DA:36,2
DA:37,2
DA:38,8
DA:39,2
DA:40,2
DA:41,2
DA:42,4
DA:43,2
DA:44,2
DA:45,2
DA:46,2
DA:47,4
DA:48,2
DA:51,2
DA:52,1
DA:53,1
DA:54,4
DA:55,1
DA:56,1
DA:57,1
DA:58,1
DA:59,1
DA:60,1
DA:61,1
DA:62,1
DA:63,1
DA:64,1
DA:67,2
DA:68,2
DA:69,2
DA:70,2
DA:71,2
DA:72,2
DA:73,2
DA:74,2
DA:75,2
DA:76,2
DA:77,2
DA:78,2
DA:79,2
DA:80,2
DA:81,2
DA:85,2
DA:86,2
DA:87,2
DA:88,2
DA:89,2
DA:90,2
DA:91,2
DA:92,2
DA:93,2
DA:94,2
DA:95,2
DA:96,2
DA:97,2
DA:98,2
DA:99,2
LF:59
LH:59
end_of_record
SF:lib/data/models/movie_table.dart
DA:11,2
DA:18,2
DA:19,1
DA:20,1
DA:21,1
DA:22,1
DA:25,2
DA:26,1
DA:27,1
DA:28,1
DA:29,1
DA:32,0
DA:33,0
DA:34,0
DA:35,0
DA:36,0
DA:39,2
DA:40,1
DA:41,1
DA:42,1
DA:43,1
DA:46,2
DA:47,10
LF:23
LH:18
end_of_record
SF:lib/data/models/tv_model.dart
DA:6,0
DA:8,0
DA:11,4
DA:40,4
DA:41,2
DA:42,2
DA:43,8
DA:44,2
DA:45,2
DA:46,8
DA:47,2
DA:48,2
DA:49,2
DA:50,4
DA:51,2
DA:52,4
DA:53,2
DA:56,2
DA:57,1
DA:58,1
DA:59,4
DA:60,1
DA:61,1
DA:62,4
DA:63,1
DA:64,1
DA:65,1
DA:66,1
DA:67,1
DA:68,1
DA:69,1
DA:72,2
DA:73,2
DA:74,2
DA:75,2
DA:76,2
DA:77,2
DA:78,2
DA:79,2
DA:80,2
DA:81,2
DA:82,2
DA:83,2
DA:84,2
DA:85,2
DA:86,2
DA:89,2
DA:90,2
DA:91,2
DA:92,2
DA:93,2
DA:94,2
DA:95,2
DA:96,2
DA:97,2
DA:98,2
DA:99,2
DA:100,2
DA:101,2
DA:102,2
DA:103,2
LF:61
LH:59
end_of_record
SF:lib/data/models/tv_table.dart
DA:11,2
DA:18,2
DA:19,1
DA:20,1
DA:21,1
DA:22,1
DA:25,2
DA:26,1
DA:27,1
DA:28,1
DA:29,1
DA:32,0
DA:33,0
DA:34,0
DA:35,0
DA:36,0
DA:39,2
DA:40,1
DA:41,1
DA:42,1
DA:43,1
DA:46,2
DA:47,10
LF:23
LH:18
end_of_record
SF:lib/domain/entities/movie.dart
DA:4,11
DA:20,2
DA:41,7
DA:42,7
DA:43,7
DA:44,7
DA:45,7
DA:46,7
DA:47,7
DA:48,7
DA:49,7
DA:50,7
DA:51,7
DA:52,7
DA:53,7
DA:54,7
DA:55,7
LF:17
LH:17
end_of_record
SF:lib/domain/entities/movie_detail.dart
DA:5,7
DA:33,2
DA:34,2
DA:35,2
DA:36,2
DA:37,2
DA:38,2
DA:39,2
DA:40,2
DA:41,2
DA:42,2
DA:43,2
DA:44,2
DA:45,2
LF:14
LH:14
end_of_record
SF:lib/domain/entities/tv.dart
DA:4,11
DA:19,2
DA:40,7
DA:41,7
DA:42,7
DA:43,7
DA:44,7
DA:45,7
DA:46,7
DA:47,7
DA:48,7
DA:49,7
DA:50,7
DA:51,7
DA:52,7
DA:53,7
DA:54,7
LF:17
LH:17
end_of_record
SF:lib/domain/entities/tv_detail.dart
DA:6,7
DA:50,2
DA:51,2
DA:52,2
DA:53,2
DA:54,2
DA:55,2
DA:56,2
DA:57,2
DA:58,2
DA:59,2
DA:60,2
DA:61,2
DA:62,2
DA:63,2
DA:64,2
DA:65,2
DA:66,2
DA:67,2
DA:68,2
DA:69,2
DA:70,2
DA:71,2
LF:23
LH:23
end_of_record
SF:lib/domain/usecases/movie/get_movie_detail.dart
DA:9,1
DA:11,1
DA:12,2
LF:3
LH:3
end_of_record
SF:lib/domain/usecases/movie/get_movie_recommendations.dart
DA:9,1
DA:11,1
DA:12,2
LF:3
LH:3
end_of_record
SF:lib/domain/usecases/movie/get_now_playing_movies.dart
DA:9,1
DA:11,1
DA:12,2
LF:3
LH:3
end_of_record
SF:lib/domain/usecases/movie/get_popular_movies.dart
DA:9,1
DA:11,1
DA:12,2
LF:3
LH:3
end_of_record
SF:lib/domain/usecases/movie/get_top_rated_movies.dart
DA:9,1
DA:11,1
DA:12,2
LF:3
LH:3
end_of_record
SF:lib/domain/usecases/movie/get_watchlist_movies.dart
DA:9,1
DA:11,1
DA:12,2
LF:3
LH:3
end_of_record
SF:lib/domain/usecases/movie/get_watchlist_status.dart
DA:6,1
DA:8,1
DA:9,2
LF:3
LH:3
end_of_record
SF:lib/domain/usecases/movie/remove_watchlist.dart
DA:9,1
DA:11,1
DA:12,2
LF:3
LH:3
end_of_record
SF:lib/domain/usecases/movie/save_watchlist.dart
DA:9,1
DA:11,1
DA:12,2
LF:3
LH:3
end_of_record
SF:lib/domain/usecases/movie/search_movies.dart
DA:9,1
DA:11,1
DA:12,2
LF:3
LH:3
end_of_record
SF:lib/domain/usecases/tv/get_now_playing_tv.dart
DA:9,1
DA:11,1
DA:12,2
LF:3
LH:3
end_of_record
SF:lib/domain/usecases/tv/get_popular_tv.dart
DA:9,1
DA:11,1
DA:12,2
LF:3
LH:3
end_of_record
SF:lib/domain/usecases/tv/get_top_rated_tv.dart
DA:9,1
DA:11,1
DA:12,2
LF:3
LH:3
end_of_record
SF:lib/domain/usecases/tv/get_tv_detail.dart
DA:9,1
DA:11,1
DA:12,2
LF:3
LH:3
end_of_record
SF:lib/domain/usecases/tv/get_tv_recommendations.dart
DA:9,1
DA:11,1
DA:12,2
LF:3
LH:3
end_of_record
SF:lib/domain/usecases/tv/get_watchlist_tv.dart
DA:9,1
DA:11,1
DA:12,2
LF:3
LH:3
end_of_record
SF:lib/domain/usecases/tv/get_watchlist_tv_status.dart
DA:6,1
DA:8,1
DA:9,2
LF:3
LH:3
end_of_record
SF:lib/domain/usecases/tv/remove_watchlist_tv.dart
DA:9,1
DA:11,1
DA:12,2
LF:3
LH:3
end_of_record
SF:lib/domain/usecases/tv/save_watchlist_tv.dart
DA:9,1
DA:11,1
DA:12,2
LF:3
LH:3
end_of_record
SF:lib/domain/usecases/tv/search_tv.dart
DA:9,1
DA:11,1
DA:12,2
LF:3
LH:3
end_of_record
SF:lib/data/models/movie_response.dart
DA:7,2
DA:9,4
DA:10,4
DA:11,6
DA:12,6
DA:15,2
DA:16,5
DA:19,1
DA:20,2
LF:9
LH:9
end_of_record
SF:lib/data/models/genre_model.dart
DA:5,4
DA:13,4
DA:14,2
DA:15,2
DA:18,0
DA:19,0
DA:20,0
DA:23,2
DA:24,6
DA:27,2
DA:28,6
LF:11
LH:8
end_of_record
SF:lib/domain/entities/genre.dart
DA:4,14
DA:12,4
DA:13,12
LF:3
LH:3
end_of_record
SF:lib/data/models/season_model.dart
DA:6,2
DA:22,2
DA:23,1
DA:24,1
DA:25,1
DA:26,1
DA:27,1
DA:28,1
DA:31,0
DA:32,0
DA:33,0
DA:34,0
DA:35,0
DA:36,0
DA:37,0
DA:40,2
DA:41,1
DA:42,1
DA:43,1
DA:44,1
DA:45,1
DA:46,1
DA:48,1
DA:49,1
DA:50,1
DA:51,1
DA:52,1
DA:53,1
DA:54,1
DA:55,1
LF:30
LH:23
end_of_record
SF:lib/domain/entities/season.dart
DA:4,7
DA:20,2
DA:21,2
DA:22,2
DA:23,2
DA:24,2
DA:25,2
DA:26,2
DA:27,2
LF:9
LH:9
end_of_record
SF:lib/presentation/bloc/movie_detail/movie_detail_state.dart
DA:6,1
DA:7,1
DA:11,1
DA:12,1
DA:18,2
DA:19,1
DA:20,2
DA:24,0
DA:25,0
DA:31,2
DA:32,1
DA:33,2
LF:12
LH:10
end_of_record
SF:lib/presentation/bloc/movie_detail/movie_detail_event.dart
DA:8,2
DA:9,2
DA:10,4
LF:3
LH:3
end_of_record
SF:lib/presentation/bloc/movie_detail/movie_detail_bloc.dart
DA:14,3
DA:15,2
DA:18,1
DA:20,1
DA:22,2
DA:23,2
DA:25,2
DA:26,3
DA:27,1
DA:28,2
LF:10
LH:10
end_of_record
SF:lib/data/repositories/movie_repository_impl.dart
DA:17,1
DA:22,1
DA:25,2
DA:26,5
DA:27,1
DA:28,2
DA:29,1
DA:30,2
DA:34,1
DA:37,2
DA:38,2
DA:39,1
DA:40,2
DA:41,1
DA:42,2
DA:46,1
DA:49,2
DA:50,3
DA:51,1
DA:52,2
DA:53,1
DA:54,2
DA:58,1
DA:61,2
DA:62,5
DA:63,1
DA:64,2
DA:65,1
DA:66,2
DA:70,1
DA:73,2
DA:74,5
DA:75,1
DA:76,2
DA:77,1
DA:78,2
DA:82,1
DA:85,2
DA:86,5
DA:87,1
DA:88,2
DA:89,1
DA:90,2
DA:94,1
DA:98,3
DA:99,1
DA:100,1
DA:101,3
DA:107,1
DA:111,3
DA:112,1
DA:113,1
DA:114,3
DA:118,1
DA:120,2
DA:124,1
DA:126,2
DA:127,5
LF:58
LH:58
end_of_record
SF:lib/data/repositories/tv_repository_impl.dart
DA:18,1
DA:21,1
DA:24,2
DA:25,5
DA:26,1
DA:27,2
DA:28,1
DA:29,2
DA:33,1
DA:36,2
DA:37,2
DA:38,1
DA:39,2
DA:40,1
DA:41,2
DA:45,1
DA:48,2
DA:49,3
DA:50,1
DA:51,2
DA:52,1
DA:53,2
DA:57,1
DA:60,2
DA:61,5
DA:62,1
DA:63,2
DA:64,1
DA:65,2
DA:69,1
DA:72,2
DA:73,5
DA:74,1
DA:75,2
DA:76,1
DA:77,2
DA:81,1
DA:84,2
DA:85,5
DA:86,1
DA:87,2
DA:88,1
DA:89,2
DA:93,1
DA:97,3
DA:98,1
DA:99,1
DA:100,3
DA:106,1
DA:110,3
DA:111,1
DA:112,1
DA:113,3
DA:117,1
DA:119,2
DA:123,1
DA:125,2
DA:126,5
LF:58
LH:58
end_of_record
SF:lib/presentation/bloc/movie_now_playing/movie_now_playing_state.dart
DA:6,1
DA:7,1
DA:11,1
DA:12,1
DA:18,1
DA:19,1
DA:20,2
DA:24,1
DA:25,1
DA:31,1
DA:32,1
DA:33,2
LF:12
LH:12
end_of_record
SF:lib/presentation/bloc/movie_now_playing/movie_now_playing_bloc.dart
DA:16,1
DA:17,2
DA:18,2
DA:21,1
DA:23,2
DA:24,2
DA:26,2
DA:27,3
DA:28,1
DA:29,1
DA:30,2
DA:31,2
LF:12
LH:12
end_of_record
SF:lib/presentation/bloc/movie_now_playing/movie_now_playing_event.dart
DA:6,1
DA:7,1
LF:2
LH:2
end_of_record
SF:lib/presentation/bloc/movie_popular/movie_popular_state.dart
DA:6,1
DA:7,1
DA:11,1
DA:12,1
DA:18,2
DA:19,1
DA:20,2
DA:24,1
DA:25,1
DA:31,2
DA:32,1
DA:33,2
LF:12
LH:12
end_of_record
SF:lib/presentation/bloc/movie_popular/movie_popular_event.dart
DA:6,1
DA:7,1
LF:2
LH:2
end_of_record
SF:lib/presentation/bloc/movie_popular/movie_popular_bloc.dart
DA:14,3
DA:15,2
DA:18,1
DA:20,2
DA:21,2
DA:23,2
DA:24,3
DA:25,1
DA:26,1
DA:27,2
DA:28,2
LF:11
LH:11
end_of_record
SF:lib/presentation/bloc/movie_recommendation/movie_recommendation_state.dart
DA:6,1
DA:7,1
DA:11,1
DA:12,1
DA:18,2
DA:19,1
DA:20,2
DA:24,1
DA:25,1
DA:31,1
DA:32,1
DA:33,2
LF:12
LH:12
end_of_record
SF:lib/presentation/bloc/movie_recommendation/movie_recommendation_bloc.dart
DA:15,1
DA:16,2
DA:17,2
DA:20,1
DA:22,1
DA:23,2
DA:25,2
DA:26,2
DA:27,3
DA:28,1
DA:29,1
DA:30,2
DA:31,2
LF:13
LH:13
end_of_record
SF:lib/presentation/bloc/movie_recommendation/movie_recommendation_event.dart
DA:8,2
DA:9,2
DA:10,4
LF:3
LH:3
end_of_record
SF:lib/presentation/bloc/movie_top_rated/movie_top_rated_state.dart
DA:6,1
DA:7,1
DA:11,1
DA:12,1
DA:18,2
DA:19,1
DA:20,2
DA:24,1
DA:25,1
DA:31,2
DA:32,1
DA:33,2
LF:12
LH:12
end_of_record
SF:lib/presentation/bloc/movie_top_rated/movie_top_rated_bloc.dart
DA:14,3
DA:15,2
DA:18,1
DA:20,2
DA:21,2
DA:23,2
DA:24,3
DA:25,1
DA:26,1
DA:27,2
DA:28,2
LF:11
LH:11
end_of_record
SF:lib/presentation/bloc/movie_top_rated/movie_top_rated_event.dart
DA:6,1
DA:7,1
LF:2
LH:2
end_of_record
SF:lib/presentation/bloc/movie_watchlist/movie_watchlist_event.dart
DA:6,2
DA:8,1
DA:9,1
DA:15,2
DA:17,1
DA:18,2
DA:24,2
DA:26,1
DA:27,2
DA:33,1
DA:35,1
DA:36,2
LF:12
LH:12
end_of_record
SF:lib/presentation/bloc/movie_watchlist/movie_watchlist_state.dart
DA:6,1
DA:7,1
DA:11,1
DA:12,1
DA:18,1
DA:20,1
DA:21,2
DA:25,1
DA:26,1
DA:32,1
DA:34,1
DA:35,2
DA:41,1
DA:43,1
DA:44,2
DA:50,2
DA:52,1
DA:53,2
LF:18
LH:18
end_of_record
SF:lib/presentation/bloc/movie_watchlist/movie_watchlist_bloc.dart
DA:23,1
DA:25,2
DA:26,2
DA:27,2
DA:28,2
DA:29,2
DA:32,1
DA:34,2
DA:35,2
DA:37,2
DA:38,3
DA:39,1
DA:40,1
DA:41,2
DA:42,2
DA:46,1
DA:48,1
DA:49,2
DA:50,2
DA:53,1
DA:55,1
DA:57,2
DA:58,2
DA:59,3
DA:60,1
DA:61,2
DA:65,1
DA:67,1
DA:68,2
DA:69,2
DA:70,3
DA:71,1
DA:72,2
LF:33
LH:33
end_of_record
SF:lib/presentation/pages/top_rated_movies_page.dart
DA:9,1
DA:10,1
DA:14,1
DA:16,1
DA:17,2
DA:18,2
DA:19,2
DA:22,1
DA:24,1
DA:25,1
DA:26,1
DA:28,1
DA:30,1
DA:31,1
DA:32,1
DA:33,0
DA:34,1
DA:35,1
DA:36,1
DA:38,1
DA:39,1
DA:40,1
DA:41,2
DA:42,1
DA:44,2
DA:46,1
DA:47,1
DA:48,1
DA:49,2
DA:52,0
LF:30
LH:28
end_of_record
SF:lib/presentation/widgets/movie_card_list.dart
DA:10,3
DA:12,3
DA:14,3
DA:16,3
DA:17,0
DA:18,0
DA:21,0
DA:24,3
DA:26,3
DA:27,3
DA:28,3
DA:35,3
DA:37,3
DA:38,3
DA:39,6
DA:42,3
DA:44,3
DA:45,3
DA:46,6
DA:54,3
DA:59,3
DA:60,3
DA:61,9
DA:63,6
DA:64,3
DA:66,0
DA:68,6
LF:27
LH:23
end_of_record
SF:lib/common/constants.dart
DA:15,4
DA:16,2
DA:17,24
DA:19,0
DA:21,0
DA:25,0
DA:26,0
DA:27,0
DA:28,0
DA:29,0
LF:10
LH:3
end_of_record
SF:lib/presentation/pages/movie_detail_page.dart
DA:16,1
DA:18,1
DA:19,1
DA:23,1
DA:25,1
DA:26,2
DA:27,6
DA:28,1
DA:29,1
DA:30,4
DA:31,6
DA:35,1
DA:37,2
DA:38,2
DA:39,2
DA:43,1
DA:44,1
DA:45,1
DA:46,1
DA:47,0
DA:48,1
DA:49,0
DA:50,0
DA:52,1
DA:53,1
DA:54,1
DA:55,1
DA:60,1
DA:61,2
DA:63,1
DA:75,1
DA:77,1
DA:78,1
DA:82,1
DA:84,3
DA:85,1
DA:86,1
DA:87,1
DA:88,4
DA:90,2
DA:91,1
DA:93,0
DA:95,1
DA:97,1
DA:98,1
DA:99,1
DA:100,1
DA:102,2
DA:109,1
DA:110,1
DA:111,1
DA:113,1
DA:115,1
DA:117,1
DA:118,1
DA:119,3
DA:120,1
DA:122,1
DA:123,2
DA:124,1
DA:126,1
DA:127,2
DA:128,1
DA:129,1
DA:130,1
DA:134,1
DA:135,4
DA:137,1
DA:138,4
DA:140,1
DA:141,1
DA:142,1
DA:143,4
DA:145,2
DA:151,5
DA:154,1
DA:155,1
DA:157,1
DA:159,1
DA:160,3
DA:162,1
DA:163,1
DA:165,1
DA:167,1
DA:169,1
DA:170,1
DA:171,0
DA:173,1
DA:174,0
DA:175,0
DA:177,1
DA:178,0
DA:180,1
DA:181,1
DA:183,1
DA:185,1
DA:186,2
DA:187,1
DA:189,1
DA:190,0
DA:191,0
DA:194,0
DA:197,1
DA:198,1
DA:199,1
DA:201,1
DA:203,2
DA:204,1
DA:205,1
DA:207,1
DA:210,0
DA:211,0
DA:217,2
DA:221,0
DA:229,1
DA:231,1
DA:246,1
DA:248,1
DA:251,1
DA:252,1
DA:253,0
DA:254,0
DA:263,1
DA:265,2
DA:266,3
DA:269,1
DA:273,3
DA:276,1
DA:277,1
DA:278,1
DA:280,1
DA:281,1
DA:283,0
DA:287,1
DA:288,2
DA:289,6
DA:291,0
DA:293,3
DA:296,1
DA:297,1
DA:298,1
DA:300,0
DA:304,1
DA:305,2
DA:306,3
DA:308,0
DA:309,0
DA:310,0
DA:311,0
DA:312,0
DA:316,2
DA:317,4
LF:152
LH:128
end_of_record
SF:lib/presentation/bloc/tv/tv_detail/tv_detail_state.dart
DA:6,1
DA:7,1
DA:11,1
DA:12,1
DA:18,2
DA:19,1
DA:20,2
DA:24,0
DA:25,0
DA:31,2
DA:32,1
DA:33,2
LF:12
LH:10
end_of_record
SF:lib/presentation/bloc/tv/tv_detail/tv_detail_bloc.dart
DA:14,3
DA:15,2
DA:18,1
DA:20,1
DA:22,2
DA:23,2
DA:25,2
DA:26,3
DA:27,1
DA:28,2
LF:10
LH:10
end_of_record
SF:lib/presentation/bloc/tv/tv_detail/tv_detail_event.dart
DA:8,2
DA:9,2
DA:10,4
LF:3
LH:3
end_of_record
SF:lib/presentation/bloc/tv/tv_now_playing/tv_now_playing_state.dart
DA:6,1
DA:7,1
DA:11,1
DA:12,1
DA:18,1
DA:19,1
DA:20,2
DA:24,1
DA:25,1
DA:31,1
DA:32,1
DA:33,2
LF:12
LH:12
end_of_record
SF:lib/presentation/bloc/tv/tv_now_playing/tv_now_playing_bloc.dart
DA:14,3
DA:15,2
DA:18,1
DA:20,2
DA:21,2
DA:23,2
DA:24,3
DA:25,1
DA:26,1
DA:27,2
DA:28,2
LF:11
LH:11
end_of_record
SF:lib/presentation/bloc/tv/tv_now_playing/tv_now_playing_event.dart
DA:6,1
DA:7,1
LF:2
LH:2
end_of_record
SF:lib/presentation/bloc/tv/tv_popular/tv_popular_bloc.dart
DA:15,3
DA:16,2
DA:19,1
DA:21,2
DA:22,2
DA:24,2
DA:25,3
DA:26,1
DA:27,1
DA:28,2
DA:29,2
LF:11
LH:11
end_of_record
SF:lib/presentation/bloc/tv/tv_popular/tv_popular_state.dart
DA:6,1
DA:7,1
DA:11,1
DA:12,1
DA:18,2
DA:19,1
DA:20,2
DA:24,1
DA:25,1
DA:31,2
DA:32,1
DA:33,2
LF:12
LH:12
end_of_record
SF:lib/presentation/bloc/tv/tv_popular/tv_popular_event.dart
DA:6,1
DA:7,1
LF:2
LH:2
end_of_record
SF:lib/presentation/bloc/tv/tv_recommendation/tv_recommendation_state.dart
DA:6,1
DA:7,1
DA:11,1
DA:12,1
DA:18,2
DA:19,1
DA:20,2
DA:24,1
DA:25,1
DA:31,1
DA:32,1
DA:33,2
LF:12
LH:12
end_of_record
SF:lib/presentation/bloc/tv/tv_recommendation/tv_recommendation_bloc.dart
DA:15,1
DA:16,2
DA:17,2
DA:20,1
DA:22,1
DA:23,2
DA:25,2
DA:26,2
DA:27,3
DA:28,1
DA:29,1
DA:30,2
DA:31,2
LF:13
LH:13
end_of_record
SF:lib/presentation/bloc/tv/tv_recommendation/tv_recommendation_event.dart
DA:8,2
DA:9,2
DA:10,4
LF:3
LH:3
end_of_record
SF:lib/presentation/bloc/tv/tv_top_rated/tv_top_rated_state.dart
DA:6,1
DA:7,1
DA:11,1
DA:12,1
DA:18,2
DA:19,1
DA:20,2
DA:24,1
DA:25,1
DA:31,2
DA:32,1
DA:33,2
LF:12
LH:12
end_of_record
SF:lib/presentation/bloc/tv/tv_top_rated/tv_top_rated_event.dart
DA:6,1
DA:7,1
LF:2
LH:2
end_of_record
SF:lib/presentation/bloc/tv/tv_top_rated/tv_top_rated_bloc.dart
DA:14,3
DA:15,2
DA:18,1
DA:20,2
DA:21,2
DA:23,2
DA:24,3
DA:25,1
DA:26,1
DA:27,2
DA:28,2
LF:11
LH:11
end_of_record
SF:lib/presentation/bloc/tv/tv_watchlist/tv_watchlist_event.dart
DA:6,1
DA:7,1
DA:13,2
DA:15,1
DA:16,2
DA:22,2
DA:24,1
DA:25,2
DA:31,1
DA:33,1
DA:34,2
LF:11
LH:11
end_of_record
SF:lib/presentation/bloc/tv/tv_watchlist/tv_watchlist_bloc.dart
DA:22,1
DA:24,2
DA:25,2
DA:26,2
DA:27,2
DA:28,2
DA:31,1
DA:33,2
DA:34,2
DA:36,2
DA:37,3
DA:38,1
DA:39,1
DA:40,2
DA:41,2
DA:45,1
DA:47,1
DA:48,2
DA:49,2
DA:52,1
DA:54,1
DA:56,2
DA:57,2
DA:58,3
DA:59,1
DA:60,2
DA:64,1
DA:66,1
DA:67,2
DA:68,2
DA:69,3
DA:70,1
DA:71,2
LF:33
LH:33
end_of_record
SF:lib/presentation/bloc/tv/tv_watchlist/tv_watchlist_state.dart
DA:6,1
DA:7,1
DA:11,1
DA:12,1
DA:18,1
DA:20,1
DA:21,2
DA:25,1
DA:26,1
DA:32,1
DA:34,1
DA:35,2
DA:41,1
DA:43,1
DA:44,2
DA:50,2
DA:52,1
DA:53,2
LF:18
LH:18
end_of_record
SF:lib/presentation/pages/tv/top_rated_tv_page.dart
DA:10,1
DA:11,1
DA:15,1
DA:17,1
DA:18,2
DA:19,2
DA:20,2
DA:23,1
DA:25,1
DA:26,1
DA:27,1
DA:29,1
DA:31,1
DA:32,1
DA:33,1
DA:34,0
DA:35,1
DA:36,1
DA:37,1
DA:39,1
DA:40,1
DA:41,1
DA:42,2
DA:43,1
DA:45,2
DA:47,1
DA:48,1
DA:49,1
DA:50,2
DA:53,0
LF:30
LH:28
end_of_record
SF:lib/presentation/widgets/tv_card_list.dart
DA:11,3
DA:13,3
DA:15,3
DA:17,3
DA:18,0
DA:19,0
DA:22,0
DA:25,3
DA:27,3
DA:28,3
DA:29,3
DA:36,3
DA:38,3
DA:39,3
DA:40,6
DA:43,3
DA:45,3
DA:46,3
DA:47,6
DA:55,3
DA:60,3
DA:61,3
DA:62,9
DA:64,6
DA:65,3
DA:67,0
DA:69,6
LF:27
LH:23
end_of_record
SF:lib/presentation/pages/tv/tv_detail_page.dart
DA:17,1
DA:19,1
DA:20,1
DA:24,1
DA:26,1
DA:27,2
DA:28,6
DA:29,6
DA:30,6
DA:34,1
DA:36,2
DA:37,2
DA:38,2
DA:42,1
DA:43,1
DA:44,1
DA:45,1
DA:46,0
DA:47,1
DA:48,0
DA:49,0
DA:51,1
DA:52,1
DA:53,1
DA:54,1
DA:59,1
DA:60,2
DA:62,1
DA:74,1
DA:76,1
DA:77,1
DA:81,1
DA:83,3
DA:84,1
DA:85,1
DA:86,1
DA:87,4
DA:89,2
DA:90,1
DA:92,0
DA:94,1
DA:96,1
DA:97,1
DA:98,1
DA:99,1
DA:101,2
DA:108,1
DA:109,1
DA:110,1
DA:112,1
DA:114,1
DA:116,1
DA:117,1
DA:118,3
DA:119,1
DA:121,1
DA:122,2
DA:123,1
DA:125,1
DA:126,2
DA:127,1
DA:128,1
DA:129,1
DA:133,1
DA:134,4
DA:136,1
DA:137,1
DA:138,1
DA:139,4
DA:141,2
DA:147,5
DA:150,1
DA:151,1
DA:153,1
DA:155,1
DA:156,3
DA:158,1
DA:159,1
DA:161,1
DA:163,1
DA:164,4
DA:166,1
DA:167,1
DA:169,1
DA:171,1
DA:173,4
DA:174,1
DA:176,1
DA:178,4
DA:179,1
DA:181,1
DA:182,1
DA:183,1
DA:185,1
DA:187,2
DA:188,1
DA:189,1
DA:191,1
DA:193,0
DA:195,0
DA:196,0
DA:201,4
DA:203,0
DA:204,0
DA:207,1
DA:208,1
DA:210,1
DA:212,1
DA:214,1
DA:215,1
DA:216,0
DA:217,1
DA:218,0
DA:219,0
DA:221,1
DA:222,0
DA:223,1
DA:224,1
DA:226,1
DA:228,1
DA:229,2
DA:230,1
DA:232,1
DA:233,0
DA:234,0
DA:237,0
DA:240,1
DA:241,1
DA:242,1
DA:244,1
DA:246,2
DA:247,1
DA:248,1
DA:250,1
DA:253,0
DA:254,0
DA:260,2
DA:264,0
DA:272,1
DA:274,1
DA:289,1
DA:291,1
DA:294,1
DA:295,1
DA:296,0
DA:297,0
DA:306,1
DA:308,2
DA:309,3
DA:312,1
DA:316,3
DA:319,1
DA:320,2
DA:321,6
DA:323,0
DA:325,3
DA:328,1
DA:329,1
DA:330,1
DA:332,0
DA:336,1
DA:337,2
DA:338,3
DA:340,0
DA:341,0
DA:342,0
DA:343,0
DA:344,0
DA:348,2
DA:349,4
LF:170
LH:142
end_of_record
SF:lib/presentation/pages/tv/popular_tv_page.dart
DA:10,1
DA:11,1
DA:15,1
DA:17,1
DA:18,2
DA:19,2
DA:20,2
DA:23,1
DA:25,1
DA:26,1
DA:27,1
DA:29,1
DA:31,1
DA:32,1
DA:33,1
DA:34,0
DA:35,1
DA:36,1
DA:37,1
DA:39,1
DA:40,1
DA:41,1
DA:42,2
DA:43,1
DA:45,2
DA:47,1
DA:48,1
DA:49,1
DA:50,2
DA:53,0
LF:30
LH:28
end_of_record
SF:lib/presentation/pages/popular_movies_page.dart
DA:9,1
DA:10,1
DA:14,1
DA:16,1
DA:17,2
DA:18,2
DA:19,2
DA:22,1
DA:24,1
DA:25,1
DA:26,1
DA:28,1
DA:30,1
DA:31,1
DA:32,1
DA:33,0
DA:34,1
DA:35,1
DA:36,1
DA:38,1
DA:39,1
DA:40,1
DA:41,2
DA:42,1
DA:44,2
DA:46,1
DA:47,1
DA:48,1
DA:49,2
DA:52,0
LF:30
LH:28
end_of_record
